<?xml version="1.0" encoding="UTF-8"?>
<!-- Generated by org.testng.reporters.JUnitXMLReporter -->
<testsuite ignored="1" hostname="sathish" failures="1" tests="8" name="Default test(failed)" time="74.429" errors="0" timestamp="17 Aug 2024 06:43:40 GMT">
  <testcase classname="com.testng.InvoiceTestForRetryAnalyzer" name="createInvoiceTest" time="0.064">
    <skipped/>
  </testcase> <!-- createInvoiceTest -->
  <testcase classname="com.testng.InvoiceTestForRetryAnalyzer" name="createInvoiceTest" time="0.028">
    <skipped/>
  </testcase> <!-- createInvoiceTest -->
  <testcase classname="com.testng.InvoiceTestForRetryAnalyzer" name="createInvoiceTest" time="0.023">
    <skipped/>
  </testcase> <!-- createInvoiceTest -->
  <testcase classname="com.testng.InvoiceTestForRetryAnalyzer" name="createInvoiceTest" time="0.024">
    <skipped/>
  </testcase> <!-- createInvoiceTest -->
  <testcase classname="com.testng.InvoiceTestForRetryAnalyzer" name="createInvoiceTest" time="0.026">
    <skipped/>
  </testcase> <!-- createInvoiceTest -->
  <testcase classname="com.testng.InvoiceTestForRetryAnalyzer" name="createInvoiceTest" time="0.03">
    <skipped/>
  </testcase> <!-- createInvoiceTest -->
  <testcase classname="com.testng.InvoiceTestForRetryAnalyzer" name="createInvoiceTest" time="0.043">
    <skipped/>
  </testcase> <!-- createInvoiceTest -->
  <testcase classname="com.testng.InvoiceTestForRetryAnalyzer" name="createInvoiceTest" time="0.024">
    <failure type="java.lang.AssertionError" message="expected [ ] but found [Administrator - Home - vtiger CRM 5 - Commercial Open Source CRM]">
      <![CDATA[java.lang.AssertionError: expected [ ] but found [Administrator - Home - vtiger CRM 5 - Commercial Open Source CRM]
at com.testng.InvoiceTestForRetryAnalyzer.createInvoiceTest(InvoiceTestForRetryAnalyzer.java:15)
... Removed 29 stack frames]]>
    </failure>
  </testcase> <!-- createInvoiceTest -->
  <testcase classname="com.testng.InvoiceTestForRetryAnalyzer" name="createInvoiceTest1" time="0.0">
    <ignored/>
  </testcase> <!-- createInvoiceTest1 -->
</testsuite> <!-- Default test(failed) -->
