<?xml version="1.0" encoding="UTF-8"?>
<!-- Generated by org.testng.reporters.JUnitXMLReporter -->
<testsuite ignored="0" hostname="sathish" failures="2" tests="2" name="Test" time="7.188" errors="0" timestamp="26 Aug 2024 10:46:08 GMT">
  <testcase classname="com.comcast.crm.orgtest.CreateOrganizationPage" name="createOrgTest" time="0.059">
    <failure type="java.lang.NullPointerException" message="Cannot invoke &amp;quot;com.aventstack.extentreports.ExtentReports.createTest(String)&amp;quot; because &amp;quot;this.reports&amp;quot; is null">
      <![CDATA[java.lang.NullPointerException: Cannot invoke "com.aventstack.extentreports.ExtentReports.createTest(String)" because "this.reports" is null
at com.comcast.crm.listener.ListImpClass.onTestStart(ListImpClass.java:55)
... Removed 22 stack frames]]>
    </failure>
  </testcase> <!-- createOrgTest -->
  <testcase classname="com.comcast.crm.orgtest.CreateOrganizationPage" name="createOrgTest" time="5.02">
    <failure type="java.lang.NullPointerException" message="Cannot invoke &amp;quot;com.aventstack.extentreports.ExtentTest.addScreenCaptureFromBase64String(String, String)&amp;quot; because &amp;quot;this.test&amp;quot; is null">
      <![CDATA[java.lang.NullPointerException: Cannot invoke "com.aventstack.extentreports.ExtentTest.addScreenCaptureFromBase64String(String, String)" because "this.test" is null
at com.comcast.crm.listener.ListImpClass.onTestFailure(ListImpClass.java:75)
... Removed 22 stack frames]]>
    </failure>
  </testcase> <!-- createOrgTest -->
</testsuite> <!-- Test -->
