<?xml version="1.0" encoding="UTF-8"?>
<testng-results ignored="0" total="3" passed="3" failed="0" skipped="0">
  <reporter-output>
  </reporter-output>
  <suite started-at="2024-08-27T04:28:19Z" name="Default suite" finished-at="2024-08-27T04:29:21Z" duration-ms="61715">
    <groups>
      <group name="regressionTest">
        <method signature="CreateOrganizationPage.orgWithIndustryTest()[pri:0, instance:com.comcast.crm.orgtest.CreateOrganizationPage@41e68d87]" name="orgWithIndustryTest" class="com.comcast.crm.orgtest.CreateOrganizationPage"/>
        <method signature="CreateOrganizationPage.orgWithPhone()[pri:0, instance:com.comcast.crm.orgtest.CreateOrganizationPage@41e68d87]" name="orgWithPhone" class="com.comcast.crm.orgtest.CreateOrganizationPage"/>
      </group> <!-- regressionTest -->
      <group name="smokeTest">
        <method signature="CreateOrganizationPage.createOrgTest()[pri:0, instance:com.comcast.crm.orgtest.CreateOrganizationPage@41e68d87]" name="createOrgTest" class="com.comcast.crm.orgtest.CreateOrganizationPage"/>
      </group> <!-- smokeTest -->
    </groups>
    <test started-at="2024-08-27T04:28:19Z" name="Default test" finished-at="2024-08-27T04:29:21Z" duration-ms="61715">
      <class name="com.comcast.crm.orgtest.CreateOrganizationPage">
        <test-method is-config="true" signature="configBs()[pri:0, instance:com.comcast.crm.orgtest.CreateOrganizationPage@41e68d87]" started-at="2024-08-27T04:28:19Z" name="configBs" finished-at="2024-08-27T04:28:19Z" duration-ms="386" status="PASS">
          <reporter-output>
          </reporter-output>
        </test-method> <!-- configBs -->
        <test-method is-config="true" signature="configBc()[pri:0, instance:com.comcast.crm.orgtest.CreateOrganizationPage@41e68d87]" started-at="2024-08-27T04:28:19Z" name="configBc" finished-at="2024-08-27T04:28:21Z" duration-ms="2043" status="PASS">
          <reporter-output>
          </reporter-output>
        </test-method> <!-- configBc -->
        <test-method is-config="true" signature="configBm()[pri:0, instance:com.comcast.crm.orgtest.CreateOrganizationPage@41e68d87]" started-at="2024-08-27T04:28:21Z" name="configBm" finished-at="2024-08-27T04:28:26Z" duration-ms="4880" status="PASS">
          <reporter-output>
          </reporter-output>
        </test-method> <!-- configBm -->
        <test-method signature="createOrgTest()[pri:0, instance:com.comcast.crm.orgtest.CreateOrganizationPage@41e68d87]" started-at="2024-08-27T04:28:26Z" name="createOrgTest" finished-at="2024-08-27T04:28:37Z" duration-ms="11204" status="PASS">
          <reporter-output>
          </reporter-output>
        </test-method> <!-- createOrgTest -->
        <test-method is-config="true" signature="configAm()[pri:0, instance:com.comcast.crm.orgtest.CreateOrganizationPage@41e68d87]" started-at="2024-08-27T04:28:37Z" name="configAm" finished-at="2024-08-27T04:28:41Z" duration-ms="3756" status="PASS">
          <reporter-output>
          </reporter-output>
        </test-method> <!-- configAm -->
        <test-method is-config="true" signature="configBm()[pri:0, instance:com.comcast.crm.orgtest.CreateOrganizationPage@41e68d87]" started-at="2024-08-27T04:28:41Z" name="configBm" finished-at="2024-08-27T04:28:45Z" duration-ms="3768" status="PASS">
          <reporter-output>
          </reporter-output>
        </test-method> <!-- configBm -->
        <test-method signature="orgWithIndustryTest()[pri:0, instance:com.comcast.crm.orgtest.CreateOrganizationPage@41e68d87]" started-at="2024-08-27T04:28:45Z" name="orgWithIndustryTest" finished-at="2024-08-27T04:28:56Z" duration-ms="10635" status="PASS">
          <reporter-output>
          </reporter-output>
        </test-method> <!-- orgWithIndustryTest -->
        <test-method is-config="true" signature="configAm()[pri:0, instance:com.comcast.crm.orgtest.CreateOrganizationPage@41e68d87]" started-at="2024-08-27T04:28:56Z" name="configAm" finished-at="2024-08-27T04:29:00Z" duration-ms="4455" status="PASS">
          <reporter-output>
          </reporter-output>
        </test-method> <!-- configAm -->
        <test-method is-config="true" signature="configBm()[pri:0, instance:com.comcast.crm.orgtest.CreateOrganizationPage@41e68d87]" started-at="2024-08-27T04:29:00Z" name="configBm" finished-at="2024-08-27T04:29:05Z" duration-ms="5069" status="PASS">
          <reporter-output>
          </reporter-output>
        </test-method> <!-- configBm -->
        <test-method signature="orgWithPhone()[pri:0, instance:com.comcast.crm.orgtest.CreateOrganizationPage@41e68d87]" started-at="2024-08-27T04:29:05Z" name="orgWithPhone" finished-at="2024-08-27T04:29:16Z" duration-ms="11058" status="PASS">
          <reporter-output>
          </reporter-output>
        </test-method> <!-- orgWithPhone -->
        <test-method is-config="true" signature="configAm()[pri:0, instance:com.comcast.crm.orgtest.CreateOrganizationPage@41e68d87]" started-at="2024-08-27T04:29:16Z" name="configAm" finished-at="2024-08-27T04:29:21Z" duration-ms="4442" status="PASS">
          <reporter-output>
          </reporter-output>
        </test-method> <!-- configAm -->
        <test-method is-config="true" signature="configAc()[pri:0, instance:com.comcast.crm.orgtest.CreateOrganizationPage@41e68d87]" started-at="2024-08-27T04:29:21Z" name="configAc" finished-at="2024-08-27T04:29:21Z" duration-ms="331" status="PASS">
          <reporter-output>
          </reporter-output>
        </test-method> <!-- configAc -->
        <test-method is-config="true" signature="configAs()[pri:0, instance:com.comcast.crm.orgtest.CreateOrganizationPage@41e68d87]" started-at="2024-08-27T04:29:23Z" name="configAs" finished-at="2024-08-27T04:29:23Z" duration-ms="31" status="PASS">
          <reporter-output>
          </reporter-output>
        </test-method> <!-- configAs -->
      </class> <!-- com.comcast.crm.orgtest.CreateOrganizationPage -->
    </test> <!-- Default test -->
  </suite> <!-- Default suite -->
</testng-results>
